/media/k/DB/DIR_FOR_CRAWLING/raw_db/선릉역_카페
미스터투고커피앤디저트
에피큐어
케익하우스 윈
위니아스토리카페
빙찌
인사이드커피
카페 난만
만랩커피 선릉역점
레퓨지
달콤한고양이 대치점
매들리인러브
김영모과자점 도곡타워점
루나모디카
테라로사 포스코센터점
빽다방 선정릉역점
카페코요
카페앳코너모퉁이
엘팡 역삼점
디저트39 본사
커피온리 선릉역점
이디야커피 대치포스코점
더이삭플라워
고다방 대치점
로브니
커피빈 테헤란로하이닉스뒷점
스타벅스 테헤란로아남타워점
카페자스 선릉점
레어마카롱
제이갸또
스몰톡커피
슈퍼커피 선릉로점
카페 레이즌
써니랜드
카페 시그니처
투썸플레이스 선릉ING점
한씨커피
카페딜라잇
커피중독
배스킨라빈스 선릉점
이디야커피 선릉사거리점
카페지오
트러스트커피 선릉본점
브레댄코 선릉역점
바나프레소 선릉공원점
파리바게뜨 역삼스포점
그레이커피
컴포즈커피 대치점
자미당 대치점
에슬로우 상록점
투썸플레이스 대치선릉점
터치카페 대치점
드리체커피
스타벅스 선릉동신빌딩R점
비건비거닝
설빙 서울선릉점
커피빈 도곡점
하타가야 본점
커피랑도서관 선릉역점
투썸플레이스 차병원사거리점
아티제 역삼신라스테이점
투썸플레이스 역삼자이점
카페 라떼떼 대치점
카페 꼬미
커피빈 선릉로93길점
빵빵베이커리
노란꼬무줄
이디야커피 선릉역점
삼성동커피볶는집
비바커피
별나라콩다방
카페더스페이스
타이지엔 선릉역점
파리바게뜨 대치포스코점
투썸플레이스 대치사거리점
조선델리 더 부티크
바나프레소 삼성중앙역점
카페드리옹 역삼점
카페 머물다
파머스빈 선릉역점
빅조이케이크
아르고티 대치점
로네펠트티하우스 선릉점
이니앤코
아모르미오
카페쥬방스
투썸플레이스 선릉로점
카페베네 선릉역점
에슬로우 선릉3호점
40240 독도카페
모닝테이블
바나프레소 대치포스코점
밸런스포인트
히즈빈스 디캠프점
더 달콤쿠키
레이어스튜디오
커피빈 삼성로점
토마토텐
3040라이브
호두붐 선릉역점
배스킨라빈스 대치점
OPH 센터필드점
카페라팡블루
언더스탠드
빽다방 선릉역1호점
9cafe
파스칼커피
노슈가플리즈
스타벅스 선릉세화빌딩점
카페그리다 선릉광장점
스타벅스 르네상스사거리점
카페아이엠티 대치점
커피스니퍼 센터필드점
빽다방 강남포스코센터점
모니크아뜰리에
커피빈 선릉KSA한국표준협회점
카페리빈
카페일인치
제네랄드링크샵 역삼센터필드점
힐튼제과
바나프레소 선릉위워크점
에슬로우 선릉2호점
9CAFE
대치꽈배기
지유가오카핫초메 선릉점
카페그라노
델리유
투썸플레이스 강남삼성로점
카페데베르 선릉점
MERRYBONBON
우리집젤라또 대치점
다랑베이커리
헤일리스커피
마카몽
커피빈 포스코사거리점
카페플럼
스타벅스 차병원사거리점
공차 선릉한신인터밸리점
할리스 선릉샹제리제점
파머스빈 대치본점
빌리앤오티스
던킨 24H 선릉역점
카페리빈 테헤란로 1호점
몽드
파스쿠찌 선릉이노센스점
브루커피 선릉아크로텔점
카페 쏭
패트릭스와플
올어바웃카페 상록회관점
메이킷 카페
카페 옥타브
카페인더무드 대치점
커피빈 테헤란로비젼타워점
이디야커피 강남대치점
키헤이커피
헤일리스커피 삼성점
매머드커피 역삼점
에슬로우 선릉1호점
스타벅스 역삼아레나빌딩점
스타벅스 삼성현대힐점
벤티프레소&베이커리 포스코점
선릉마실길
노마진 아이스크림 할인점
브루커피 테헤란점
롤링핀 포스코 사거리점
칸틴 선릉점
굴리엘모 선릉점
탐앤탐스 역삼르까프골프장점
카페 드 엣지
파리바게뜨 카페선릉점
카페 화이트
스타일커피
쥬씨 역삼상록회관점
해머스미스커피 선릉사랑점
미미네
아리스타커피 선릉2호점
파리바게뜨 선릉아이타워점
메가커피 선릉점
카페선릉
커피마마퀸 선릉점
컴포즈커피 테헤란로점
카페엠
카페이퍼스 역삼점
굿푸드&카페 강남본점
에드빗 커피
커피빈 삼성금융플라자점
아리스타커피 선릉점
에스지푸드 트윗젤 선릉역점
오브라도
르플로우
더치앤빈 대치점
꽃티움
착형 선릉점
류애비뉴 본점
팔월 마카롱
카페 봄
흐비지떼
스타벅스 선릉로점
플레이버
커피빈 선릉로86길점
HONESTCOFFEE
담다
몽테크리스토카페
빌리엔젤 신라스테이점
레이어프로젝트
모찌모찌브레드 역삼점
후웨이즈
디어마이플라워
ilcoffee 선릉역점
호디박스 이마트역삼점
카페로24
라커디움카페
바나프레소 포스코사거리점
멜로워 역삼 더 퍼스트
바른한끼 그릭요거트와 수제치즈토스트
카페엠
커피코트 선릉 한신인터밸리점
카페 캔픽
컴포즈커피 선릉역점
이디야커피 선릉점
클로이언 커피앤디저트
과일팡
에스피온
홍콩다방 선릉점
빵장수단팥빵 선릉점
컵앤드컷
클로리스 삼성중앙역점
아마스빈 선릉점
다향
디어무드 더모먼트
연카페
오가다 대치점
코유코유커피
벙커
플러스 스터디카페
카페드아마폴라 강남점
ABBAZON COFFEE
이디야커피 청담역점
소운빙 한티역점
카페정오
투썸플레이스 테헤란선릉역점
파스쿠찌 포스코센터점
바나프레소 선릉역사거리점
커피빈 선릉역3번출구세방빌딩점
오래도록 예쁘다
아야커피
스타벅스 삼성점
코인커피 삼성본점
만랩커피 선릉아크로텔점
펠어커피 강남포스코사거리점
7080클래식라이브클럽
이디야 역삼상록점
커피스모키
더벤티 대치점
싸프란겔 선릉역점
에슬로우 선릉4호점
하스초콜릿아뜰리에
텐퍼센트커피 선릉점
커피브레이크
바나프레소 선릉점
피그커피
스타벅스 센터필드R점
앙떼띠 커피로스터리
공차 선릉역사점
커피십오일
카페앤픽스
강남아이스크림할인점
희카롱
후르츠스토어
아마폴라델리 선릉점
커피베이 강남선릉점
윈제과점
페르에피스
바나프레소 선릉역점
아틀리에헤아림 강남
올드타운한양
Cakery루킹래징
탐앤탐스 언주로점
카페 레꼴뜨
매머드익스프레스 포스코센터점
스터디카페 포레 대치2호점
아이스걸크림보이 강남대치점
빽다방 선릉중앙점
커피파로스 대치점
황스케이크
커피정원
아티제 타워팰리스점
알리바바 커피 역삼점
카페큐릉
스타벅스 역삼이마트점
세드라
엔제리너스 선릉골드로즈점
스타벅스 선릉역점
이디야커피 역삼월드점
슈퍼커피 삼성점
스테이 슬로우 커피
테라바이트
아스테르 커피
탐앤탐스 삼성본점
카페원투
쥬빌리쇼콜라띠에 삼성테헤란로점
/media/k/DB/DIR_FOR_CRAWLING/raw_db/홍대입구역_맛집
공상온도
아뜨뜨
943 킹스크로스CAFE
버바나
해즈밀
이자카야 연정
교동집
소년식당 홍대본점
디퍼 루프탑
앤디스커피 홍대점
썬키친
코노미
로운 샤브샤브 신촌점
뉴오더클럽
에도마에텐동하마다 홍대점
산울림1992
부탄츄 홍대본점
부야스곱창 홍대본점
진진
요괴냥수비대
서양면옥 연남점
일편등심
A SLICE
모멘트커피 2호점
멘야준
뇽즈
어썸마운틴
맛깔1987
땡스네이쳐카페
혼가츠
비스트로주라
키쉬미뇽
라드
합정광안리
osteria ora
마포곱창타운
고기꾼김춘배 홍대본점
다옴383
졸리연남
더피자보이즈 홍대입구역점
오우 연남점
미즈컨테이너 홍대점
루바브
마시타야
21세기우리바다수산
김앤김대게 서교점
공미학 마포홍대점
차차밀로
홍익숯불갈비소금구이
청록양식
로우필름 카페앤갤러리
어메이징농카이
파파초밥
이플로네의 하루
커피 벌스데이
랑데자뷰
주섬주섬
세상끝의라멘
히메지
Blanc
토끼정 홍대
아웃백스테이크하우스 합정점
작당모의
카레시
루프탑지니
커넥츠커피
릴린
멘야산다이메
23플래터
루나씨엘로
하카타나카
우마담
스시노칸도 홍대점
장작집
심야식당 하스
이치류 홍대본점
고구려 구이명가 홍대점
온미동 동교점
지로우 라멘
우리할매떡볶이 연남점
광야
웨스트빌 피자
연남동느루
육지
버터베이커리
연남어부
어리
아오이토리
모리츠플라츠
마레스타
스시오 블랙컨테이너
레스토랑 아진
초마
루프탑어반비치
아날로그가든
SUPPLY DEPOT
가미우동
타스
낙곱새미장원
파스치노팬스테이크
츄이구이브레드
카페 지금여기
에일크루
김씨육면
고에몬 홍대AK점
히츠지야
도마 홍대본점
마녀주방 홍대점
슬로우캘리 연남본점
산옥커피로스터스
들풀한상
우와
진진 가연
야끼니꾸소량
터틀힙
필동함박 홍대점
더 키친 아시아 인도
50pick
수부니흐
연하동
카쿠시타
제스티살룬 연남
더다믐
 category of 더다믐 is weird. Its category is 술집 > 전통,민속주점
또보겠지떡볶이집 붕붕허니비점
코테츠
토라비
연술집
홍마떡 홍대본점
태양커피
송탄영빈루 홍대점
스시메이진 홍대점
파스텔커피웍스 본점
스시코미치
OBPC
카페 장쌤
샌드커피 논탄토 연남
홍대IN파스타
오모테나시
스아게
푸하하크림빵
안스키친
소고산제일루
라헬의부엌 홍대점
영동 감자탕
감성타코 홍대점
생어거스틴 합정메세나폴리스점
탄탄면공방 홍대본점
해브
비포블루밍
그릭데이 홍대점
베어스덴베이커리
연남쌀국수 똣
커피리브레 연남점
피자네버슬립스
온돌 합정점
우동 카덴
샌디비치 베이크하우스
홍대씨부엉
비터스
발코니가든
또보겠지떡볶이 해피토스점
얀 쿠브레
연남주막1987
 category of 연남주막1987 is weird. Its category is 술집 > 전통,민속주점
트래블메이커
연교
바다회사랑2호점
홍대맛집 육몽
하이디라오 홍대점
스케줄합정
연남다방
역전포장마차
불이아 홍대본점
쿠루미
이미커피
파사주
알디프 티 바
우규
우수살롱
219
이주방
에그써티
베트남노상식당T 연남직영점
마가렛리버
메이비 케이크 홍대본점
미장플라쎄
부부드꼼뜨와
카멜로연남
배떼기곱창 홍대점
로지네 케이크
더페이머스버거 홍대점
만동제과
와인로그
비스트로연남
일쩜오플로어
흠식당
나성타코
로쏘 1924 나폴리 화덕피자 홍대점
한란
오이시 나베
별자리마라탕&훠궈 무한리필 홍대점
윤서울
남산호랭이
쇼콜라윰
연남취향
용정바른얼굴식당
로운 샤브샤브 홍대점
로랑
어반플랜트 합정
신미경홍대닭갈비
카페 오로라
랑빠스81
라 룬 비올렛
티거훗타임쿠키 in연남
연어로만S 연남점
손오공마라탕 동교동점
연남물갈비
이차돌 홍대점
바다애 홍대본점
감성타코 합정점
문숙이미나리식당
동차밥
올바른스시 홍대직영점
레드브릭커피
더담
탐스피자
미도인 홍대
조선시대
카페 꼬모
와우끝집
작업실01
중화복춘
블랑누아
후통
리히트
솔솥 연남점
루나틱커피
산리오 러버스 클럽
JASE
홍스쭈꾸미 홍대본점
훠궈나라 홍대점
이츠모라멘
중화복춘 골드
해피베어데이 합정점
꿀돼지집
카페 공명
모파상
테이커테이블
카페요호
또보겠지떡볶이집 스마일보이점
치키차카초코 서교본점
아이엠어버거 홍대점
HONNE
난봉꾼조개찜 홍대점
스파카 나폴리
드래곤 피자
올바른김밥
츠케루
아로
버터밀크
시골순대
리틀빅토리
바스버거 연남점
파이리퍼블릭
베어스덴 브런치
락희돈
고쿠텐 홍대점
유니의우아한식탁
Bread rum
돼지명가
비츠비츠 홍대점
우아하게
빌라 더 다이닝
루프탑 G
아레아레아
쿠시노주방
연남동주막
동교해물
정육면체
부산집
유경당 연남점
요즘
남북통일
 category of 남북통일 is weird. Its category is 분식 > 만두
클래식당
더다이닝랩
하연옥 마포점
프리모바치오바치 홍대본점
그동네떡볶이
호맥 연남점
캘리포니아 도넛 클럽 & 비라티오 홍대점
긴자료코 본점
연어롭다
브런치가
이빠네마그릴스테이크
청년닭발1987
진저피그
매드만조
어머님밥상
1984
컨택트
청년화로1987
/media/k/DB/DIR_FOR_CRAWLING/raw_db/홍대입구역_술집
BARMENT
페페로니
꿀뱅이
배터리88 홍대점
쿠바왕
원써머나잇
이자카야 연정
디퍼 루프탑
모락모락
로파이 2
경성주막1929 홍대점
코노미
플래시백
은밀당
탐라포차 홍대입구역점
산울림1992
브롱스 홍대점
연남동 오뎅파는집
Bar다
썬키친
요호식당
비어홀릭
와인주택
오술차 홍대입구역점
간바레미나상
장농속 2호점
bar mong
호맥 합정점
리틀테라스 홍대점
슬슬
BLACK&JACK
건달포차
참새방앗간
승제가살찐이유
플래닛
T12
야간 자율학술
더스트카멜
란콰이펑
발리 슈퍼스토어
카시타 홍대점
그린라이트 홍대점
애쉬앤블룸
펀치드렁크펍
한송이꽃이
이자카야 류
APT201
명호야
꾼노리 홍대피카소점
더파이브올스
시고르자브종
미친포차
청담이상 홍대점
연남일기
광동포차
카리브사파리
누바
서시
형제집
차차밀로
달술집
오늘와인한잔 홍대3호점
하울 인 더 바
주섬주섬
이목
맥주왕명주
해달밥술
펍차 아지트
소굴
홍대 달동네
하프플로어
홍대 골목길 전앤포차
느티로 카페&바
프라이빗 홍대점
어쩌다와인
자색휴일
순이네포차호프
미향언니포장마차
마카로니펑키클럽
슈퍼방구 홍대점
PURPLE PEOPLE
루나씨엘로
장작집
소울트리
심야식당 하스
미티
재즈바 캐롤킹
한신포차 홍대점
킨더가든바
단뽀뽀
아술아반상회
더불어함께
경성술집 홍대점
블루문
락소울윙
진화로
천하의문타로
어리
무명요리사
청춘소년
레스토랑 아진
더부엌 연남점
심야식당밤
홍익포차
스크립트
루프탑어반비치
금별맥주 홍대직영점
홍꼬치
SUPPLY DEPOT
파이널나인 홀덤펍 서울홍대점
아이콘
어리라운지
오렌지룸 홍대점
히피히피셰이크
채널1969
에일크루
바코포차
달의다락
얍
디 어니스트 드링커
금다래회관
꽃길포차
진구오뎅
마리라9
혁이다방
백색소음
동경야시장 홍대1호점
토끼바
밀림
리틀빅
50pick
에브르레코드바
더다믐
 category of 더다믐 is weird. Its category is 술집 > 전통,민속주점
클럽온에어
칠링
라이언위스키
연술집
힉스
플라워
플레이그라운드
밤샷
이세상괜한걱정
홍대쭈꾸미썸타는날
땡초우동IN포차홍대점
누벨당스
건어물녀
코키펍 홍대직영점
세븐플로어 홍대점
백해
라이즈 호텔 사이드 노트 클럽
수염
다트플렉스 홍대점
키즈나
미미방
eert sicdang
처마
헬로헬로쑬
봉황당
372호프집
feel01
치치 서교점
훈민정음 서울합정점
정든집
비터스
발코니가든
주다방 서울홍대점
설맥 홍대서교점
동동포차DDPC
사운드카페 소리
옐로우펍
고랑몰랑
연남주막1987
 category of 연남주막1987 is weird. Its category is 술집 > 전통,민속주점
하키
키오쿠
역전포장마차
36.5도여름동쪽점
육회 & 와인바 육식공룡
쿠루미
코스모더케이브
꽃다운주점 홍대점
노라바라룸술집
우규
우수살롱
홍대 노가리 포차 홍노포
낮달
이주방
어썸
크래프트한스
기대 연남
카시
생활맥주 홍대동교동점
모모키친
토메루
홈그라운드
와인로그
이자카야무세이
흠식당
한란
깃털
고봉이네
오이시 나베
아틀란티스
upsm 없음
리튬
여의주점
사랑방
코드 396-4
효봉포차
Ok포차 홍대점
만만코코로 홍대점
소설가
새벽
컴피
마익스 케빈
불나방
작당모의
쿠라
느린마을양조장 홍대점
조선시대
아초바
데어데어
블랑누아
릴리즈 바
태힐리아
황포25
호랑이
650
JASE
연남옥탑
잔상
코너펍
JAVA Cafe&Pub
바결
베프루코 서교점
세부인보드카
서울포차홍대점
라셀렉시옹
0.5
연남그곳
홍대타코야
유메
커피바블랑
1943 홍대점
연남오락실
943 PUB
살롱드마르잔
으네네
가로수포차
틸애프터
원나잇
월하정인
작가 홍대본점
룸넘버3
콘티키빠
야마뜨
블랑루즈
크림LP바
비아토르
바 키안
GSM테라스홍대
염소자리음주요리
찰리주막
후레쉬
예술
루프탑 G
홍대 신기루
호쿤
쿠시노주방
색다른한잔
얼맥당 홍대카페거리점
포커팩토리
연남슈퍼
부산집
라이프
따루주막
요즘
막걸리싸롱
 category of 막걸리싸롱 is weird. Its category is 술집 > 전통,민속주점
드루와
화실
글렌
한양주점
어글리키친
산오징어양푼무침
곱창전골
아이엠어바텐더 BAR
디스
호맥 연남점
숨은골목
 category of 숨은골목 is weird. Its category is 술집 > 전통,민속주점
우미이로
홀리데이인익스프레스서울홍대 선셋가든
김억삼포장마차
가츠시
핑크엘리펀트
크래프트원
서교주담
제이케이펍
루프탑지니
개화기요정
코르크
와이니하이
/media/k/DB/DIR_FOR_CRAWLING/raw_db/강남역_카페
폴바셋 강남삼성타운점
라이언카페
굿브라더스페이스 강남센터
바나프레소 국기원사거리점
셀렉토커피 역삼점
커피빈 삼성전자강남사옥점
앙트레블
던킨 강남역사2호점
바나프레소 강남역점
트윗젤 강남점
케익공방 2호점
그린에이드
삼순이 호두파이
나따오비까 with 마이디주스
106길 15
테라스토리
썬더볼드 강남역점
브루클린커피랩
앤써커피 역삼
투썸플레이스 강남역KR타워점
설빙 강남역점
커피빈 강남역GT타워옆점
외계인방앗간 서초점
가배도 강남역점
에이비카페 In the secret
카페 더 나인&로플로플3호점
할리스 강남역점
바나프레소 삼성타운점
로컬커피 강남효성직영점
티레이스카페
마피아디저트
던킨 삼성서초사옥점
겟썸커피 Downstairs
투썸플레이스 강남대륭타워점
커피빈 강남역12번출구점
신데렐라롱 강남본점
커피스미스 본사점
프레도
바나프레소 강남효성점
7F7
나우언더스탠딩
티버즈까페
달씨커피
디핑
카페자스 트라팰리스점
커피빈 서초부띠크모나코점
카페블라썸 강남점
츄카롱&츄로아상 강남점
커피나무 강남역점
강남커피 강남점
고구마명가 강남역점
쥬스스타 강남역점
엔제리너스 강남역점
쥬스식스 역삼점
스마일박스
빨라쪼델프레도 교대역점
어반레빗
리플렉트커피 로스터스 양재점
리퍼크
빌리엔젤 강남역5호점
탐앤탐스 강남바로세움점
투썸플레이스 강남역아라타워점
커피빈 뉴교보타워옆점
sis coffee
바나프레소 역삼시티점
MACO COFFEE
투썸플레이스 강남IBC점
보노
아티제 삼성타운점
더플라잉팬레드
테이블스
케익공방
데카치노
카페쿠잉
텐퍼센트커피 강남서초점
알베르
장꼬방
스타벅스 서초파라곤점
쌀통감성고로케
컴포즈커피 강남역사점
노보텔 앰배서더 서울 강남 로비라운지
시티갤러리카페 강남센트럴점
마이리틀세레머니
메이크커피
북카페 강남1호점
커피브레이크
트리오드
카페 드빈
타임스빈 강남역1호점
뚜레쥬르 강남점
스타벅스 강남오거리점
커피빈 강남역랭기지타워점
쥬씨 강남역세무서점
마키아티 강남점
로플로플 강남역1호점
스타벅스 강남R점
갤러리 카페 G아르체
파브리끄 역삼GFC점
고디바 삼성타운점
카페마마스 강남역점
하트카페
라뜰리에
크리스피크림도넛 강남역 지하쇼핑센터점
지유가오카 핫초메 논현점
커피빈 국기원사거리점
카페온화 강남점
매머드커피익스프레스 강남해커스점
셀렉티드마롱 강남역점
뚜르드카페
카페스팟 강남역점
공차 강남글라스점
꼼다비뛰드
설빙 양재역점
아마스빈 강남역1호점
카페103
던킨도너츠 강남스퀘어점
경성찹쌀꽈배기 강남역점
에이비카페 At Bali
투썸플레이스 아크로비스타점
공차 강남대성학원점
가배도 강남점
우드스푼
엠플라운지
배스킨라빈스 강남신논현점
카페 노티드 강남 카카오
커피빈 강남대로센터점
파리바게뜨 역삼스타점
까사밍고키친 강남역점
배럭커피
디저트39 강남역점
그레이스케일커피
그레이프라운지 강남점
스타벅스 강남삼성타운점
컴포즈커피 역삼테헤란로점
버터핑거팬케익스
바게트케이
더벤티 강남점
커피빈 강남에스점
평화다방 강남역점
이디야커피 역삼플래티넘점
카페자스 강남점
원유로 스페셜티 강남역지하상가점
아로이커피
빈스플
레스트앤커피
카페화실
파리바게뜨 강남역점
파스쿠찌 신분당강남역점
커피빈 강남대로점
빌리엔젤 강남역점
스타벅스 몬테소리점
만랩커피 강남역점
공차 강남역점
매머드커피 익스프레스 삼성타운점
사푼사푼 강남역점
아이홀릭커피 삼성타운점
비유어거트
스타벅스 서초구청점
어스마카롱
스타벅스 역삼아레나빌딩점
반지대학 강남캠퍼스
해머스미스커피 교대1호점
더치앤빈 역삼동점
매머드커피 강남역점
디초콜릿커피 강남역미림타워점
파리바게뜨 역삼특허청점
서울북카페 욕망의북카페
에슬로우 강남역삼성타운점
JUN COFFEE
스무디킹 이마트24R강남역삼점
꽃을피우고
베이커리로컬 강남역점
하품카페 강남점
던킨 라이브 강남
카롱씨
자연식빵 강남역점
서가배
에슬로우 역삼1호점
캡틴커피
아티제 강남역점
뚜레쥬르카페 역삼점
시티갤러리카페 본점
터치카페 역삼점
스터디블룸
카푸치노스트립
카페데베르 역삼점
반지만들기 세모네모동그라미
스타벅스 강남2점
잠바주스 서초삼성타운점
파리크라상 서초아크로비스타점
빽다방 강남역태극당점
더달달 카페
메가커피 강남역지하도점
던킨 강남역사점
햇쌀마루
와플앨리 역삼점
블루포트
두콩마켓
아티제 보나비 본사
얌얌브레드 강남역점
UCL
스타벅스 강남GT타워점
썸띵어바웃커피
쥬스식스  강남역점
스터디카페 Nest24 강남역1호점
투썸플레이스 강남역중앙점
엘가
정다방
BUBU
엔젤북카페 강남2호점
커피볶는 집
스타벅스 강남비젼타워점
바나프레소 강남점
원아베뉴
커피앳웍스 SPC스퀘어점
파브리끄 양재점
와플대학 강남역지하상가 캠퍼스
카페볼카 강남역점
파리크라상 교대역점
공차 역삼GFC점
네티안
매머드익스프레스 국기원점
나띵베러
더벤티 강남역지하상가점
제이스킹커피
오디오시 요거트
아마스빈 강남2호점
스타벅스 구역삼사거리점
빌리엔젤 강남358타워점
투썸플레이스 강남KI타워점
Three of Cups
파리바게뜨 신분당선강남역점
브루커피 강남타워300점
폴바셋 강남GT타워점
배스킨라빈스 강남역사
파리크라상 서초래미안점
카페소스페소
네버랜드
만랩커피 역삼점
빽다방 역삼테헤란로점
달리는커피 강남논현점
데일리블루밍
정월
배스킨라빈스 강남중앙점
브릭앤커피
해머스미스커피 양재믿음점
구디스
랑데자뷰 강남점
콰르텟 강남점
커피온리 강남역점
카페마마스 역삼점
R카페
크리스피크림도넛 강남역점
크라프트카페
말랑커피
세컨드컵커피
원모어
달콤한인생
밀도 강남역점
브랑제리 루엘
어니스크 서초점
커피빈 강남역먹자골목점
펀카페
cafeshins
청춘커피 테헤란로점
커피노운
더리터 역삼점
스트릿츄러스 논현영동점
요띠드 역삼점
스타벅스 서초우성사거리점
브라운홀릭
백미당 강남358타워점
폴바셋 서초본점
어글리스토브 신논현강남역점
카페 루스터
cafe imt 강남서초타운점
폴인팬케이크 강남점
타르타르 강남역점
LBC카페
파란만잔 강남삼성타운점
더치카페
카페미뇽 강남점
이디야커피 역삼중앙점
티테라스
메가커피
돌스트
카페게이트 강남역센트럴점
커피인류 서초래미안리더스원점
역삼꽈배기
블랭크오브언더라인
커피빈 삼성생명강남사옥점
커피빈 교대법원점
닥터쥬스 강남점
바나프레소 역삼초교사거리점
The Cafe 868
빽다방 강남역지하도점
빽다방 강남역월드점
공차 강남메가박스점
춘풍슈가
엔제리너스 강남역사거리점
/media/k/DB/DIR_FOR_CRAWLING/raw_db/선릉역_맛집
류마
에피큐어
샤오바오우육면
미트앤번버거샵 강남점
카페 난만
세광양대창 선릉점
쌍룡갈비
테라로사 포스코센터점
신동궁감자탕 선릉직영점
수라선
모범떡볶이1976 선릉점
막썰이회30000
기세끼 선릉점
스시키
풍년집 선릉점
신흥정육식당
이태리부대찌개 선릉점
지구당 선릉역점
라무진 선릉역점
육성급
원조감자탕 일미집 대치점
로브니
코벤트가든 선릉점
강정희간장새우 선릉역점
청국장서갈비
우리집만두 선릉본점
 category of 우리집만두 선릉본점 is weird. Its category is 분식 > 만두
통영집
재패니즈다이닝안심
해장옥 선릉점
선향정 샤브샤브
레어마카롱
종로계림닭도리탕원조 선릉점
훅트포케 선릉점
선릉 순대국
Coffee Bar K
쇠뚜레
카페 시그니처
동해수산
화수사
청춘어람
몽중헌 대치점
루프탑2018
고담식당
하오
해변에서
조개천국
차호랑
더오일오브쿠엔즈버킷 센터필드점
더뭉티기
군자대한곱창 선릉점
배가무닭볶음탕 대치본점
비건비거닝
단초식당 선릉점
스타벅스 선릉동신빌딩R점
볼빨간 딱새우 선릉점
샹베리
한와담 포스코센터점
북창동순두부 선릉2호점
강남이베리코흑돼지 강남직영점
마라테이블
커리146 강남점
칠랑고
이디야커피 선릉역점
이자카야 나무
우밀가 선릉점
플로팅
나능이능이버섯백숙 대치점
치찌중화식탁 선릉점
맥도날드 선릉점
신라스테이 역삼 카페
스시히로바 삼성동본점
연타발 선릉점
미쓰양꼬치
오또상스시
사보텐 선릉역점
빅조이케이크
로네펠트티하우스 선릉점
육시리 선릉점
대왕통닭 역삼점
명정루
삼미대포 선릉점
초록밭
레이어스튜디오
자유참치
커피빈 삼성로점
잇쇼우
OPH 센터필드점
개그맨 정용국의 용곱창 강남본점
청담동마녀김밥 대치점
오마이보울
스타벅스 선릉세화빌딩점
외고집설렁탕
바스버거 선릉점
코르바니 선릉
별양집
탄두리카
하동관 강남분점
장정정
고반식당 선릉점
우마쿠라
미풍양주
연
김태주 선산곱창 강남점
포하임 선릉점
지유가오카핫초메 선릉점
카페그라노
경천애인2237
스시마이우 선릉역점
제주은희네해장국 선릉직영점
맛있는제주
용호동낙지 강남직영점
우리집젤라또 대치점
전봇대
청년다방 선릉역점
수타우동 겐
신도세기
자르뎅페르뒤
js가든 센터필드점
한성양꼬치 선릉2호점
스윗밸런스
피슈마라홍탕 선릉점
샐러디 선릉점
빌리앤오티스
하오마라 선릉점
어메이징타이
이가네양꼬치 선릉점
장진참치
대도식당 삼성점
사람사는 고깃집 김일도 선릉점
던킨 24H 선릉역점
보영만두 선릉점
어로장
제주돈프로
메이킷 카페
두레국수
우밀가 대치본점
라피자노스트라 선릉본점
카페인더무드 대치점
이자카야나무 대치점
몰타참치
애니홀
스노우폭스 선릉역점
사와레
스시산원
센도수산
스타벅스 역삼아레나빌딩점
황금어장
보돌미역 강남포스코점
국고집
브루커피 테헤란점
오레노카츠 선릉점
본죽&비빔밥cafe 선릉점
 category of 본죽&비빔밥cafe 선릉점 is weird. Its category is 음식점 > 죽
동대문엽기떡볶이 대치점
롤링핀 포스코 사거리점
대파 양곱창
해우리 선릉 L7점
별미곳간
파이어벨 디어고메
스시소라 대치점
지미스 타코
잭슨피자 대치점
뚝심한우 선릉역점
홍대포
FIREBELL
카토멘
조개사냥 역삼점
미랑
밤장어 선릉점
블루문 탭하우스
고메고매
큰돈가 선릉점
도스타코스 선릉점
해우리 역삼센터필드점
하얼빈가정식 본점
일미리금계찜닭 선릉점
긴자카레
정참치
농민백암순대 본점
쇼유식당
커피마마퀸 선릉점
카발
에드빗 커피
우밀면옥
오징어풍경
원조광양불고기 삼성점
미태리 선릉포스코점
그릴1492 삼성1호점
참치그라
경성양꼬치 선릉직영점
춘이네닭도리탕
해초록사랑
오카에리
수림복국
프로티너
잼라운지
흐비지떼
인평일등추어탕 선릉역점
이승재참치
빌리엔젤 신라스테이점
청자골
블랙랩
카츠젠 선릉점
코우
705사케집
부산양곱창
원조감자탕일미집 강남직영점
수다 대치점
도쿄등심 선릉점
진대감 선릉점
김돈이 본점
오미마리
돈그리아
대치동집
멜로워 역삼 더 퍼스트
60년전통신촌황소곱창 선릉직영점
버닝스톤
안남
문어랑 상록점
명품유쾌 강남본점
빵장수단팥빵 선릉점
홍콩다방 선릉점
의령전원
싸리골빈대떡 본점
디어무드 더모먼트
윤가 양꼬치 훠궈 역삼점
써브웨이 언주역점
마라차이즈
더드림 선릉점
예향
고메갈비 선릉본점
진티엔
피양콩할마니
마담밍
강남수랏간
오동도
홍운장
평가옥 삼성점
연더그레이
오마치슌
스파게티스토리 대치점
참치공간
아야커피
히라이
천용
한성마라탕 선릉점
삼백플러스
펠어커피 강남포스코사거리점
무한장어 역삼점
쏭타이 역삼점
마초야
토마틸로 포스코센터점
싸프란겔 선릉역점
알로이타이
하남돼지집 선릉1호점
하루
청춘닭볶이
란콰이펑누들
비언유주얼
반포식스 선릉역점
반룡산
더 피자스탠드
멘야미코 청담역점
핵밥 역삼점
네모오징어 선릉점
명랑회관 선릉점
희카롱
참치공방 선릉점
한성양꼬치
홍루이젠 선릉역점
메이크샐러드 선릉점
마초갈비 선릉점
일마지오 삼성점
수현복집
고운님
델라마노 시가바
슐미랭삼 선릉점
페르에피스
윈제과점
올드타운한양
Cakery루킹래징
스시노스시
카페 레꼴뜨
순남시래기 선릉점
동촌 대치점
우노
동보성 강남점
뽕나무쟁이 선릉본점
꽃새우 영번지 역삼점
분틀
광주식당
써브웨이 선릉점
창고43 역삼점
니뽕내뽕 선릉점
진풍정 강남점
대치정육식당
세드라
동래정 선릉직영점
곰작골나주곰탕 선릉점
하프컷
신강양꼬치 선릉점
/media/k/DB/DIR_FOR_CRAWLING/raw_db/홍대입구역_카페
공상온도
히트커피로스터스 서교
943 킹스크로스CAFE
크레미뇽
할리스 홍대입구역점
커피네이션 연남동점
보노보카페
푸하하크림빵
홍콩다방 홍대점
앤디스커피 홍대점
와플몬스터 홍대본점
카페로제
나와 나타샤
케이크 밀쿠
스노잉 합정점
커피랩
아티제 메세나폴리스점
카페버킨
요괴냥수비대
랠리포인트
테일러커피 서교점
모멘트커피 2호점
A SLICE
몬스터케이브
하므 케이크
필로베이커리
언더플로어
로덴드론 동교점
서교동언니네
어썸마운틴
브론시스
김보람 초콜릿 홍대연남점
브루브로스커피
땡스네이쳐카페
키펜지카페
글로어
키쉬미뇽
재인다방
Deserve Coffee
미드위크
카페새록
랑데자뷰 서교점
러빈허 플라워카페
라뽀즈 비건케이크
루바브
스타벅스 홍대역점
아지트리
뽀르뚜아과자점
폴바셋 AK플라자 홍대점
홍콩다방 홍대입구역점
공미학 마포홍대점
스웨이드
카페그랑주
PIT COFFEE
공드린
메가커피 홍대입구역점
아올
로우필름 카페앤갤러리
퍼스트커피랩 홍대점
빌리엔젤 홍대점
자스아일랜드
자유인들
커피 벌스데이
랑데자뷰
Blanc
단편집
미미베이커리
카페333
작당모의
올프로틴
커넥츠커피
서교로터리 커피바
카페 스핀오프
손탁커피 서교
블룸스토리
커피덕
슈아브
멜로우
피오니
투썸플레이스 동교동삼거리점
91베란다
카페삼
애프터눈커피
TIS COFFEE
시루모락
와플대학 홍대캠퍼스
골든크레마
딥커피
서울두부
리피 메세나폴리스점
버터베이커리
아오이토리
모리츠플라츠
스타일난다 핑크풀카페
유니크디저트
한땀
코칭심리카페
츄로101 홍대본점
아날로그가든
할리스 홍대역2번출구점
러비니돌
커피빈 홍대역점
핸드릭스커피로스터스
glt젤라또
소림커피
츄이구이브레드
카페 지금여기
모센즈스위트
카페sun
소마드로잉카페 홍대점
너프
오우야 에스프레소바 합정점
팝퍼블 AK홍대점
공룡빵공장
만유인력
산옥커피로스터스
더블 프로스팅
W카페
터틀힙
스퀘어이미
파티셔리 마루
라포레스타
젤라잇
쿠앙플
젤라떼리아 에따
블로트커피
르누아즈
카페플롬
몰리스
메가커피 홍대점
토라비
헤이쥬드
태양커피
북카페 산책
베이커리 나무
파스텔커피웍스 본점
코코샌드
타임브릭스
카페 장쌤
스트라다로스터스
그로잉
설빙 홍대입구역점
샌드커피 논탄토 연남
방긋
케이트앤케이크
카페커피짱
푸하하크림빵
심리카페점컴
쥬마뺄
라헬의부엌 홍대점
카페 바우
낙랑파라
비포블루밍
그릭데이 홍대점
도토리앤다람쥐
베어스덴베이커리
반지대학 홍대본점
커피리브레 연남점
샌디비치 베이크하우스
슬릿
블랙피라미드
라프하우스
밀리우하우스
얀 쿠브레
타이거슈가 홍대본점
트래블메이커
포라운지
베란다컵케익
연남동 심리카페
콜마인
코발트무드
팀플레이스
연남다방
콤마카페 홍대점
이미커피
스타벅스 합정폴리스R점
알디프 티 바
오흐뒤구떼
마담티라미수
밤부 베이커리&브루잉
카페보니
더페이머스램
마가렛리버
메이비 케이크 홍대본점
아스트로노머스커피
레이크커피바
차곡파티세리
브라운시티 본점
코코버블티 홍대점
이스트덜위치
로지네 케이크
멧라운지
만동제과
씨더라이트
일쩜오플로어
미카야
스타벅스 홍대입구역사거리R점
위아소울메이트 2호점
우니쿠스커피
쉬즈베이글 홍대본점
베니케이크
그리너리 테이블
쇼콜라윰
스타벅스 동교점
구르미산도 연남동 본점
성마르크
어반플랜트 합정
카페 오로라
티거훗타임쿠키 in연남
레드브릭커피
밀로커피 로스터스
하이럽
홍대버튼
카페 가비애
크리미무드
지엔빙zizi
댄싱케이크
구름속에커피집
톤앤매너
카페 퍼프
타르틴 베이커리 서교 RYSE호텔점
민트하임
아메노히 커피점
카페 꼬모
아카시아 과자점
작업실01
언플러그드
카페 어싸이드
래핑포레스트
리히트
갤러리카페 바이아스
루나틱커피
산리오 러버스 클럽
베네피치아 베이커리카페 홍대정문점
루치아
카페 공명
모파상
실론살롱
온플리크
율곡
카페 배일리
카페요호
디저트 머라이언
치키차카초코 서교본점
아비아채 서울홍대점
빵나무
내맘대로폰케이스 홍대점
투썸플레이스 홍대입구역점
북카페 피터캣
COC
버터밀크
리틀빅토리
C27 홍대점
유포테이블카페&마치아소비
베어스덴 브런치
Bread rum
칼디커피
2nd butterbakery
테르 프로미즈
폴링디저트
꾸울과자점
폴리스팬케이크
카페 비비드
아레아레아
소프트랩
퐁포네뜨
8810 리스트레토 바
스타벅스 홍대공항철도역점
턴테이블커피바
소담상회 with 아이디어스 플레이스 서교
리밀커피&밀리
커피폴리
대충유원지
모펀
포비브라이트 홍대
메가커피 동교점
메리마카롱
미디엄
쿠나
캘리포니아 도넛 클럽 & 비라티오 홍대점
젤라띠젤라띠
브런치가
비하인드
콘크리트 엔젤
카페이십그램
단하나케이크 홍대점
카페 위밋데얼
밤앤크루아상
내가만든미케익 홍대점
베이브
굿애프터눈 합정점
고망고 연남점
목수의딸카페
해피베어데이 합정점
그로브177
1984
잉큼케이크
투썸플레이스 홍대예술의거리점
컨택트
앤디스커피 서교점
/media/k/DB/DIR_FOR_CRAWLING/raw_db/구로디지털단지역_맛집
헤비스테이크 구로디지털단지점
콧수염포차
보승회관 구로디지털단지점
미식가양꼬치
명장반점 NC신구로점
고마워케이크
더제이케이키친박스 구로디지털본점
군산아구찜해물탕
도림항
니와스시참치
북촌손만두 구로대륭포스트1차점
롤링파스타 구로디지털역점
사계절밥상
퍼틴 NC백화점 구로점
구로달밤
미켈고깃집 구로점
구로안
천미미 지타워점
테이블 32
레드애플 넷마블G타워점
량
조마루감자탕 구로디지털1호점
얌샘김밥 구로디지털점
서래전
황비홍마라탕
신승반점 구로지밸리몰점
컴포 구로구청점
흑백집 구로디지털점
구로돈가
카페 하나
풍천장어
물찬조개
바다회사랑 남구로점
봄날오다
본죽&비빔밥cafe 구로디지털포스트1차점(이마트앞)
 category of 본죽&비빔밥cafe 구로디지털포스트1차점(이마트앞) is weird. Its category is 음식점 > 죽
여기가전집
육회로운연어생활
옛마을 구로디지털역점
홍대돈부리 구로디지털단지점
사계진미숯불닭갈비 구로디지털점
윤쉐프 코오롱
말뚝곱창 구로디지털단지점
한판참숯소갈비 구로디지털점
종로계림닭도리탕원조 구로디지털단지점
브라운핸즈 디지털단지
교촌치킨 구로디지털점
프로젝트 마도
오봉집 구로디지털단지점
홍주식당
콩심 구로디지털단지역점
지기네불닭발 본점
시오 구로NC백화점
우연한만남 대림본점
이차돌 구로디지털역점
샐러드42
청담이상 구로디지털점
써브웨이 구로NC점
지금보고싶다 구로디지털단지역점
명륜진사갈비 구로점
투썸플레이스 구로디지털역 깔깔거리점
사계천면관
장군한우
던킨 구로태평양물산점
손오공마라탕 구로디지털단지역점
꾼노리구로디지털단지점
이즈모
디스턴스
써브웨이 구로디지털점
다다에보민스시
남도에서
채선당 샤브샤브&한우구이 구로디지털점
마피아피자&펍 구로디지털점
정정아식당 구로디지털단지점
육식예찬
신라스테이 구로 카페
라이짬뽕
카페402
오한수우육면가 구로1호점
홍콩반점0410 구로디지털역점
스시메이진 구로점
세광양대창 구로디지털점
COFFEE USELESS
단골손님 구로디지털점
 category of 단골손님 구로디지털점 is weird. Its category is 술집 > 전통,민속주점
미정국수 구로디지털역점
백년고기
스시비쇼쿠
스타벅스 구로에이스점
신림춘천집 구로디지털 직영점
구름산원주추어탕
보나베띠 구로지밸리점
한옥집김치찜 구로점
탐나는 돼지
상무초밥 구로디지털점
샤오바오우육면 구로디지털단지역점
경양카츠 구로점
용범이네인계동껍데기 구로디지털역점
삼통치킨&호프 구로디지털단지점
애슐리퀸즈 NC신구로점
강촌식당 구로디지털점
옛날마차
역전우동0410 구로디지털역점
델리커리 구로NC점
롯데시티호텔구로 씨카페
옛날마차신관
평안도찹쌀순대 구로디지털점
춘자싸롱
스윗와인앤커피
효자동쌀국수미
밀앤비스트로
육장장이 구로디지털점
화덕 생선구이 전문점 고등어를부탁해
풍무양꼬치
생어거스틴 구로G벨리몰점
김돈이 구로점
베나레스 구로디지털점
항아리닭갈비막국수 구로점
탐나종합어시장 구로디지털역점
버거킹 구로디지털점
할리스 구로점
다케롤
서울반달집 별관
맘스터치 구로디지털단지역점
조마루감자탕 구로디지털2호점
스시하랑
뽕족 구로디지털점
카페 드 플로르
커먼스테이크&펍
천년족발 구로디지털단지점
혼술청춘
뽀끼살롱
낭만부대찌개
뽕사부
킹콩부대찌개 구로디지털역점
대한민족
스타벅스 구로디지털타워점
황생가칼국수 NC신구로점
담소소사골순대육개장 구로디지털점
품격사시미
오징어 맛집 구로디지털점
데이즈앤데이즈
구공탄곱창 구로디지털점
호우양꼬치 구로디지털점
장발장 구로디지털단지점
강릉엄지네꼬막집 구로디지털점
실린더스 커피
라무진 구로디지털단지역점
이태리부대찌개 구로점
황제참치
국물닭발의 명가 화닭발 구로점
보쌈제복 구로디지털점
정식당
구로곱창
타오
뚜레쥬르 구로디지털직영점
만랩커피 구로코오롱타워점
낙지세상신대방본점
홍콩다방 구로지플러스타워점
거북솥삼겹살
아오리의행방불명 구로태평양물산점
스시990
백년불고기 구로디지털점
설빙 구로G밸리점
동대문엽기떡볶이 구로디지털단지역점
반포식스 구로점
철판목장 구로점
신들린술집 구로디지털본점
랑데자뷰 NC구로점
까치화방 NC구로점
만세육간
메이비카페
원당감자탕 구로직영점
다트플렉스 구디점
그냥삼겹살집이나할걸그랬다
가마치통닭 서울 남구로역점
걸작떡볶이치킨 구로디지털점
최우영스시
쌍교숯불갈비 금천점
도미라 마라탕
샐러디 구로디지털단지점
니와참치
은행골 본점신관
갓파스시 구로점
로바타 잔잔 구로디지털점
Log coffee roasters
봉추찜닭 구로지밸리몰점
생각보다맛있는집 대림점
교대이층집 구로디지털단지점
에그드랍 구로디지털단지점
말뚝곱창2호점
스테이크어스 NC신구로점
동근이숯불두마리치킨 신대방점
푸짐한닭한마리
라마노피자
이화참숯갈비 2호점
BHC치킨 구로디지털단지역점
고앤고 구로디지털점
오늘와인한잔 구로디지털단지역점
지코바치킨 신대방1호점
라운지엑스 구로점
굽네치킨 신대방1동점
아건구디점
스타벅스 구로호텔점
경성양꼬치 구로디지털직영점
하남돼지집 구로디지털점
지리산토종흑돼지구이
누구나홀딱반한닭 구로디지털단지역점
김영태의이자카야마을 구로점
투썸플레이스 구로디지털단지역점
본도시락 구로디지털점
맷돌빈대떡
형제특수부위
메이크마이베이크
이삭토스트 구로디지털단지점
금나래식당 구디점
명륜진사갈비 서울대림점
옛날황소곱창
등나무집
솔시카고피자
맛찬들왕소금구이 구로점
스프레드
맥도날드 구로디지털
영양센타 능이버섯백숙
들향기쭈꾸미
롯데리아 구로디지털역점
린초밥
맛뿔감자탕
서울식빵
뜸들이다 구로디지털점
봉싯봉싯
총각네부추곱창 독산점
덕우왕맥주
토라
폴바셋 구로지밸리몰점
하오탕마라탕
밀주방
일미양꼬치
해남식당 구로디지털단지점
남춘식당구로직영점
밥장인돼지찌개 구로디지털점
노랑통닭 구로디지털단지역점
포36거리 구로디지털단지점
육대장 구로디지털점
동해반점
말뚝곱창 루프탑점
마부마라탕&샹궈 구로점
리춘시장 구로디지털단지역점
대작 구로디지털단지점
농협안심한우마을
리미니 NC신구로점
오늘한끼 구로지타워몰점
스윗밸런스 구로점
금성관나주곰탕 구로점
육풍 구로디지털단지점
크래프트한스 구로디지털점
공단갈비꼬치 본점
믹스앤테이블
밥도술도 구로신림본점
국수나무 구로지플러스타워점
한우마당 구로점
속초붉은대게
화양가옥 구로디지털단지점
오대양참치
브래드밀레
복만루
진스시
이화참숯갈비
전설의옛날통닭 구로디지털점
파라노이드 구로 카페
영진보신탕 구로디지털단지역점
 category of 영진보신탕 구로디지털단지역점 is weird. Its category is 한식 > 사철,영양탕
으뜸명가
이자카야나무 구로디지털단지점
속초오징어어시장 구로디지털점
택이네조개전골 구로디지털직영점
해초랑
토담집
에머이 구로디지털단지
동남집
어다리횟집구로점
버거킹 구로점
순남시래기 구로디지털점
안면도 밥상
천미미
고씨네 구로디지털단지점
굽네치킨 구로디지털점
핵밥 태평양물산점
요거트월드 신대방점
이비가짬뽕 구로디지털점
생고기제작소 구로디지털단지역점
알리바바 커피 구로디지털점
스타벅스 구로디지털로점
아지타
입춘
대두족발
구도로통닭 구로디지털점
파파존스 신림점
이름없는파스타 NC구로점
손준초밥
황제해물보쌈 구로본점
잉크커피
조선화로집 구로디지털점
/media/k/DB/DIR_FOR_CRAWLING/raw_db/잠실역_카페
송미 방앗간
SOULCUP 잠실점
앤티앤스 롯데잠실점
베이커온도
컴포즈커피 잠실역사점
아메리칸트레일러 롯데월드몰점
BAB COFFEE LAB
롱브르378
쿠키아미
크리에잇쿠키 롯데월드몰점
코지블루
카페블라썸 롯데백화점 잠실점
치유의 과정
도쿄밀크치즈케익팩토리 롯데백화점잠실점
파스퇴르 밀크바 롯데백화점잠실점
라온베이커리
카페 페퍼
아쿠아가든카페 롯데월드타워점
제르보 잠실에비뉴엘점
으뜸베이커리빵
카파니씨 롯데백화점 잠실점
단하나케이크 신천점
구스따레일젤라또
스타벅스 갤러리아팰리스점
seryun
세상의모든아침 롯데월드몰점
JBOUT COFFEE
이낙근찹쌀떡베이커리 잠실지점
이디야커피 올림픽공원점
커피빈 방이점
베떼엠 롯데백화점잠실점
커피빈 잠실향군타워점
커피인류 본점
커피사피엔스 잠실직영점
로이즈 롯데월드몰점
투썸플레이스 롯데월드점
바나프레소 잠실새내점
온더바닐라
디트로네 라운지
서정적살롱
카페트레인 방이점
경성찹쌀꽈배기 잠실새내역점
카페 바운더리프리
스타벅스 잠실대교남단R점
컴포즈커피 잠실점
와플대학 잠실장미상가 캠퍼스
에코빈 롯데호텔 월드점
더리터 잠실점
카페 블루웨일
가배유정
슈퍼말차 롯데월드몰
대중음악박물관
버터핑거팬케익스 잠실롯데점
할리스 잠실광고회관점
빙설아
무스커피
꾸까 잠실점
체리오오체리 케이크
분카샤 롯데월드몰점
그림제작소
PEACE IN THE COFFEE
미니막스 카페
로플로플 잠실역점
레스쁘아
디저티스트
코히루
빽다방 잠실역지하도점
카페 앙떼띠
티테리아
포숑 롯데월드몰점
사브레
훕훕베이글 롯데백화점잠실점
클리티아
델디아
디어로열
델리스타 롯데잠실점
앙과
엔제리너스 잠실샤롯데점
공차 방이삼거리점
커피빈 몽촌토성역점
AID카페 롯데월드몰점
명조커피앤베이커리
버터바
김영모과자점 잠실에비뉴엘점
스무디킹 롯데월드몰점
슈야
크래프트아일랜드 카페
크리스피크림도넛 롯데백화점잠실점
설빙 롯데월드어드벤처점
차타임라운지 홈플러스잠실점
스타벅스 잠실시그마타워점
파스쿠찌 잠실역점
트레스드
메가커피 잠실장미점
파리바게뜨 잠실장미점
삼송빵집 잠실 광장점
히엘로스터리카페 송파점
카페데플뢰르 롯데월드점
카페 마달
수수가든카페 롯데월드몰점
커피빈 신천역점
크럼앤크러스트 롯데월드몰점
커피랑도서관 송파나루역점
봉땅 본점
갤러리카페 숨
폴바셋 롯데백화점 잠실점
gluck
몽샹82 롯데백화점 잠실점
카페에이븐 잠실롯데월드점
설빙 신천역점
루시카토 잠실롯데월드타워점
까사빠네
딜라이트호텔 Cafe Bolzan
이성당카페 롯데월드몰점
레어마카롱
소마드로잉카페 잠실새내점
팥고당 잠실점
탭플레이 롯데월드어드벤처점
어니커피
카페 파이카지
파티세리 도효
아티제 롯데월드몰점
커피볶는아침
마호가니커피
카페 노티드 잠실
쿠스누어
매머드익스프레스 잠실지하상가점
배스킨라빈스 잠실새내중앙점
델리만쥬
메가커피 잠실역지하상가점
좋은아침페스츄리 롯데잠실점
그래인스쿠키 롯데백화점잠실점
커피데이즈
에브리데이몬데이 카페
지파시 롯데월드몰점
할리스 방이점
도화서가
폴바셋 롯데월드몰점
공차 롯데월드어드벤처점
공차 롯데월드점
더벤티 롯데마트본사점
엔제리너스커피 잠실롯데월드타워31F점
효모
크리스피크림도넛 잠실롯데월드몰점
이성당 롯데백화점잠실점
컴오프
베질루르선셋에비뉴 월드타워점
벨케이크
포모르
에르모소뷰티카페
카페미뇽
나뚜루 잠실롯데월드몰1층점
투썸플레이스 송파구청사거리점
스타벅스 잠실푸르지오월드점
타이거커피
가배도 송파
홍콩다방 잠실롯데골드캐슬점
츄로빅 롯데월드점
카페다반
모노치즈 잠실점
엔제리너스커피 롯데캐슬잠실점
오설록티하우스 오설록 롯데월드점
박찬회화과자 롯데백화점잠실점
엔제리너스 롯데백잠실점
TWGTEA 롯데백화점에비뉴엘월드타워점
리프커피바
디어블라썸 커피
배스킨라빈스 잠실월드점
공차 잠실롯데몰점
플라이팬커피
길리안초콜릿카페 롯데월드몰점
자몽하다
카페마마스 잠실점
엔제리너스 잠실롯데월드몰F1점
봉봉샌드위치
카페아모제 롯데잠실점
아이스걸크림보이 잠실점
타르타르 잠실롯데월드몰점
퍼햅스
아멜라떼
밀키롱
에맥앤볼리오스 롯데월드몰점
더베이크 잠실역점
빽다방 잠실장미상가점
카페드220볼트 잠실점
키친205 롯데월드몰점
충무공
투썸플레이스 송파나루역점
여섯시오븐 롯데백화점잠실점
키커피컴퍼니 롯데백화점 잠실점
투썸플레이스 잠실푸드월드점
스터디카페 다온
콩카페 롯데백화점 잠실점
프레스커피
통밀드립
카페방이동
허니플로
케키하우스
라라브레드 송파점
황남빵 롯데월드몰점
아티제 잠실타워730점
오설록 롯데백화점잠실점
이디야커피 잠실역점
달콤커피 잠실롯데월드몰점
레드애플 롯데백화점잠실점
아우어베이커리 롯데백화점잠실점
파리바게뜨 잠실역지하쇼핑센터점
해피브레드
이디야 삼전역점
뉴질랜드스토리
오린지
커피바이 2호점
어바웃 프로젝트라운지
엔제리너스 잠실롯데월드몰B1점
비엔나커피하우스
소피텔 앰배서더 서울 쟈뎅 디베르
체크크로플 롯데월드몰점
엔제리너스 롯데백잠실식품관점
비엔나커피하우스 잠실역점
탐앤탐스 방이점
이디야커피 잠실월드점
위커파크
쁘띠따쁘띠
아르고티 롯데월드몰점
비엔나커피하우스 잠실새내역점
카카오프렌즈 롯데월드몰
 category of 카카오프렌즈 롯데월드몰 is weird. Its category is 도서,음반,문구 > 문구,팬시용품
겟썸커피 LMoA
설빙 석촌호수동호점
니드스윗
톤앤톤 커피
쁘띠클로
에잇비돌체 월드타워점
스타벅스 석촌호수점
스트릿츄러스 롯데월드타워점
카페온화 송파점
스타벅스 몽촌토성역점
화이트리에 롯데월드몰점
움트 잠실롯데백화점
제로베이커리
롯데뮤지엄 겟썸커피
할리스 교통회관점
만옥당
롤링핀 서울잠실점
뉴오리진 롯데월드몰점
서울리즘
파스퇴르 밀크바 롯데월드점
망원동티라미수 송리단길점
공차 잠실지하상가점
소피텔 앰배서더 서울 레스파스
서커스래빗
소금상점
루시카토 롯데백화점잠실점
디저트39 잠실새내역점
하와이 사자 팩토리
카페코너574
아마스빈 잠실장미상가점
요거트맨 잠실점
벨라스가든
비밀 잠실점
어반스커트 롯데월드몰점
웻즐스프레즐 롯데마트잠실점
카페미미미 롯데백화점 잠실점
커피렉
씨스루 롯데월드몰점
카페콤피
배스킨라빈스 잠실홈플러스점
김지윤커피로스터스
프레드릭베이커리
디샤블러썸
리블리롱
파스퇴르밀크바
그라운드제로 카페
르타오 롯데백화점잠실점
매머드커피 루터회관점
리틀파르크
베이크 롯데백화점 잠실점
Chitchat
프롬하츠커피 롯데월드몰점
스타벅스 송파구청점
더카페 롯데마트잠실점
노아스로스팅 롯데에비뉴엘월드타워점
롯데호텔월드 델리카한스
백미당 롯데몰월드타워점
카페 후식
MOCA 롯데월드몰
잠바주스 롯데월드어드벤처점
커피 아마렐로
제이와이피소울컵
아주키
스타벅스 잠실역점
투썸플레이스 잠실역점
흑화당 롯데백화점 잠실점
커피베이 잠실푸르지오 월드마크점
롯데호텔월드 라운지앤브라세리
카페 247
신양로스터스
어위크
현명주호두파이
이월로스터스 송파점
가배장이 롯데캐슬잠실점
/media/k/DB/DIR_FOR_CRAWLING/raw_db/잠실역_맛집
베이커온도
송계옥
롱브르378
저스트텐동 송리단길점
1987루프탑라운지 잠실점
카페 페퍼
아쿠아가든카페 롯데월드타워점
탁
강릉장칼국수 잠실장미상가점
곰국시집
Chai797 잠실롯데월드몰점
123 라운지
부자등심
바티칸
소담히
치마오
세상의모든아침 롯데월드몰점
놀부유황오리진흙구이 잠실점
 category of 놀부유황오리진흙구이 잠실점 is weird. Its category is 한식 > 오리요리
이낙근찹쌀떡베이커리 잠실지점
장생관본점
온더보더 롯데월드몰점
역전식당
슈타인도르프
브루클린더버거조인트 롯데월드몰점
차알 잠실점
디트로네 라운지
서정적살롱
연발탄 숯불양대창구이
오레노라멘송파
이차돌 방이점
형제애
반포식스 잠실점
가배유정
옛촌매운갈비찜
대중음악박물관
소피텔 앰배서더 서울 라티튜드32
소피텔 앰배서더 서울 페메종
짱꼬집
팀호완 잠실점
바 다빈치
별미곱창 2호점
마라고메 방이점
오렌지분식
그림제작소
엘리스리틀이태리
PEACE IN THE COFFEE
모터시티바이매니멀잠실점
엠스테이크하우스
원조마포소금구이
용호동낙지 롯데몰잠실점
STAY
디저티스트
함평육회 본점
비채나
카페 앙떼띠
일월고기
포숑 롯데월드몰점
빅가이즈랍스터 롯데월드몰점
훕훕베이글 롯데백화점잠실점
T.G.I.프라이데이스 롯데백화점 잠실점
내고향횡성한우정육점식당
피에프창 롯데월드몰점
크래프트아일랜드 잠실점
시마스시 잠실점
경복궁 방이점
빌즈 잠실
칼라분식
제이스 아메리칸
한국계 방이직영
광화문갈비 석촌호수점
램플러스 신천점
북창동순두부 롯데월드점
김영모과자점 잠실에비뉴엘점
아그라 잠실롯데백화점
피슈마라홍탕 방이동점
징기스 방이점
골드참치
큰손닭한마리
청화초밥
입분식가정집
코코로벤또 잠실롯데월드몰점
도쿄등심 롯데캐슬잠실점
대박쌈
사랑이네조개전골 잠실방이점
빅가이즈크랩 롯데백화점 잠실점
베테랑칼국수
갓잇 송리단길점
또올래곱창 송파점
동래별장
만석장 롯데월드몰점
와포 vine
방이돈가
쿠차라 잠실역점
방이옥
별별식당
젠
크래버대게나라 잠실점
별미곱창 3호점
뚜껍집1984 방이본점
도요스6가
마노디셰프 잠실점
수가성
스시선 방이점
진진진석쇠한판 신천점
화반 방이점
코이라멘 방이점
꼭그닭 잠실점
레어마카롱
훅트포케 롯데월드몰점
버들골이야기 방이점
리나스 잠실 제2롯데월드몰점
광화문등심 석촌호수점
더맛있는족발보쌈 방이점
오술차 신천역점
크리스탈제이드 상하이 팰리스 잠실 에비뉴엘점
파티세리 도효
포지타노
SKY31 푸드에비뉴 잠실
 category of SKY31 푸드에비뉴 잠실 is weird. Its category is 음식점 > 푸드코트
일일향 잠실점
정순함박
스페인클럽 롯데월드몰점
마호가니커피
라이언하트
생어거스틴 성내점
바토스 롯데백화점 잠실점
신천돼지
명가원설농탕 석촌호수점
인기명 방이점
을밀대 잠실점
서울김밥
배키욘방
돈부리파스타 송리단길점
옥인피자 롯데월드몰 본점
디라이프스타일키친 잠실점
러반로제 레스토랑
라코즈
애슐리퀸즈 잠실롯데캐슬점
쌩 메종 롯데백화점에비뉴엘월드타워점
에브리데이몬데이 카페
이춘복참치 잠실점
라뜰리에 르지우 롯데애비뉴엘 잠실점
이카리
피제리아라고
VABENE
짚불구이 본가 방이점
오사카하루
더몰트하우스 잠실점
시그니엘서울 바81
컴오프
포모르
베질루르선셋에비뉴 월드타워점
만옥 롯데월드몰점
미성양꼬치 본점
신라샤브칼국수
멘야하나비
카페미뇽
보름떡볶이
아낙네그루브
서두산딤섬 2호점
MIP
오설록티하우스 오설록 롯데월드점
매화쌈밥 롯데잠실점
 category of 매화쌈밥 롯데잠실점 is weird. Its category is 한식 > 쌈밥
또봄
길리안초콜릿카페 롯데월드몰점
랜돌프 비어
한신포차 송파방이점
카렌
카페마마스 잠실점
Jbout
영동족발방이직영점
타르타르 잠실롯데월드몰점
제주곳간
퍼햅스
에맥앤볼리오스 롯데월드몰점
고반식당 송파방이점
등촌샤브칼국수 방이본점
구포파스타
잠실물결
오복수산잠실
양휘당
키친205 롯데월드몰점
79대포 방이점
여섯시오븐 롯데백화점잠실점
수라연
미즈컨테이너 잠실점
슬로우캘리 송리단점
옥기린
주택가
청와옥 본점
프레스커피
뽀빠이분식
놉스 롯데월드몰점
이터스 롯데월드몰점
별미곱창
1954무한등심 잠실점
해우리 잠실역점
토닭토닭
라무진 잠실방이점
조개창고 신천점
구이구이
당산오돌 잠실신천점
1925 서울역그릴
편백집 잠실롯데월드몰점
새우공방
진대감 방이점
순곱이네 방이점
아우어베이커리 롯데백화점잠실점
제주 오겹살 왕돌구이집 방이본점
롯데호텔월드 라세느
뉴질랜드스토리
산들해 송파점
차만다
어바웃 프로젝트라운지
로만티쿠스
오린지
심포니오브차이나
돈블랑 석촌호수점
시그니엘서울 더 라운지
위커파크
세광양대창 방이점
동경산책
연어식당
스시준
송추가마골 인어반 잠실점
겟썸커피 LMoA
Chai797 롯데캐슬잠실점
오뎅식당 롯데월드몰점
늘푸른목장 잠실본점
초대창 잠실새내점
스타벅스 석촌호수점
요리하는남자
카페온화 송파점
조선화로집 방이점
콘타이
제로베이커리
우마담 호수
사람사는 고깃집 김일도 방이점
브럭시
우미소
코코라운지
서울리즘
롤링핀 서울잠실점
뉴오리진 롯데월드몰점
경양카츠 송리단길점
강가 잠실점
한남대교
서커스래빗
이자카야 오모
PECK 월드타워점
촙촙 롯데월드몰점
모던샤브하우스 잠실점
청년고기장수 방이점
동대문닭한마리
한양중식
카페코너574
아그라 잠실에비뉴엘점
더 마칸
벨라스가든
이성원쉐프의 청년감자탕 본점
이차돌 신천점
비밀 잠실점
삐에로와인펍
육화식당
나레초밥 잠실새내점
양군스시 & 참치
그리지하우스
한우리 롯데백화점에비뉴엘월드타워점
초밥식당호시절
연안부두 2호점
바이킹스워프 롯데월드몰점
소담정
갓덴스시 롯데월드몰점
진가와 잠실롯데월드몰점
일도씨찜닭
명불허전원조골뱅이 방이점
Chitchat
직화방이
후쿠오카함바그 롯데월드몰점
원조부안집 잠실새내점
방이동쭈꾸미
매드포갈릭 롯데시네마월드타워점
삿뽀로 방이점
세이류
치즈룸 & 테이스팅룸 롯데월드몰
롯데호텔월드 델리카한스
화덕고깃간 잠실새내점
홍대돈부리 롯데월드몰점
노아스로스팅 롯데에비뉴엘월드타워점
나루스시
밀회관 방이점
제이와이피소울컵
스타벅스 잠실역점
돈탐라제주냉삼1977 방이점
바스버거 잠실점
롯데호텔월드 라운지앤브라세리
도톤보리
라디오헤드 펍
현명주호두파이
이월로스터스 송파점
만주
/media/k/DB/DIR_FOR_CRAWLING/raw_db/선릉역_술집
길포차
ELVISBAR
달아
바팬텀
영심이네 실내포차
라스키친
1914 라운지&바
선릉포차
듀티프리
쿠시일오이
모던바nana
논현194
차이
라이언위스키
용용선생 선릉점
청담이상 차병원점
호텔삼정 마리스
기세끼 선릉점
글래드 라이브 볼트82
생활맥주 대치포스코점
빨강포차
코코로
청담소요리
세븐BAR
돼지네포차
히라메키
못난이포차
을지로골뱅이
TOPBAR 삼성점
Coffee Bar K
기네스하우스
BarRoma
맥주창고
아이앤지
갤럭시 펍
요란
은실이회전포차
강티
The Being
루프탑2018
모로미쿠시 선릉점
BARO
이자카야 찬
비어팩토리 삼성점
메이드 바
아망떼
 category of 아망떼 is weird. Its category is 술집 > 전통,민속주점
멜로디후르츠 선릉점
오징어청춘 역삼점
국보전 삼성코엑스점
불타는 포장마차
BAR메디칼팀
프라자호프
모던바 호
상그리라
오사카부루스
삼성리
맥주를듣는사람들 ARK
SBAR
원더우먼이자카야
테바사키반초 대치점
엣지
ivy
이자카야 나무
모던바 호
인터노래팡
프론트라운지바
Feeling
륀느
성주상회
별들의기침
포아
명불허전원조골뱅이 선릉점
탄 역삼점
루이스바
영화와인셀러
나나
혼술바
MBAR
불타는포장마차
호텔카푸치노 루프톱바
제이스비비타
펀비어킹 강남경복사거리점
녹스
토노야
한울타리
요리가 있는 술집
올드락
엔티브이이엔엠
이비스스타일앰배서더강남 르바
막끌리네
 category of 막끌리네 is weird. Its category is 술집 > 전통,민속주점
맥주호텔
올리브
생활맥주 선릉역점
쏘울포차
청담이상 블랙 삼성로점
YHWINE
파크에비뉴
블루문 와인&라운지
핀다
펍미미야
오꼬뎅
비타민카페&펍
에이원bar
리오레드바
연
델리
비포더던
고섭포차
채홍사 구마적
그때그집 별관
 category of 그때그집 별관 is weird. Its category is 술집 > 전통,민속주점
마릴린몰트앤와인
겐비이자카야
오늘와인한잔 선릉역점
비어에잇
음악담요
제미니
월드비어
살롱 락피쉬
전봇대
타다이마
더레드
와바 도곡점
gini
초코바
아카라
바페르갈
기네스424
지브로
애플바
맥주야 선릉2호점
목로
베이스가라오케
넘버원
와인바 컨티뉴엄
보미
엠티니스
앙상블바
안방
사이드에이
플젠
솜사탕
수다 삼성1호점
라이언위스키
EAST BAR
엘르위스키
에프터바
망치포차
사와레
왕자의놀이터
이자카야나무 대치점
비비안
와바 삼성점
휠링
라빈이자카야
씨오투
NTV 라이브 카페
지지미 대치점
 category of 지지미 대치점 is weird. Its category is 술집 > 전통,민속주점
센도수산
대포차 선릉점
벅시
J1 Bar
카라
판도라
로마2군단
송
뱀파이어 위켄드 청담
피에스타
이자카야겸 2호점
스테이
뮤직아날로그
더텍사스
이가든
아이엔지이팔
빨대포차
블루문 탭하우스
이자카야 한잔
오스카
언더바청담
선술집
언플러그드
브루웍스 역삼점
맥주여행
디오니스 강남진흥점
룰루랄라노래밤
벨라바
투다리 논현3점
역삼레드모델바
ASOBOY
처음
유스라
차병원사거리포차
비어캐슬
임팩트
오카에리
트루아
DOM 펍&바
수
비큐
Band of Brewers
샘호프
미인바
88노가리 선릉본점
신라스테이역삼 바
아쿠아
노가리슈퍼 선릉점
골드바틀
앤바
제일호프
프렌즈 가라오케
HAYES WHISKY
바블링
브롱스 선릉점
남도포차
더코스트엠
705사케집
소담바
K위스키
수다 대치점
호프광장
글래드유
라임
생활맥주 삼성코엑스점
더 트리하우스
에이치엘펍
메이저리그포차
와사
Yesterday'sGone
르네상스 티파니
K2 노래방
펀앤드펍
브루웍스 선릉점
메리골드와인 본점
앙마꼬치
즐춤그대
청개구리
동호숯불바베큐호프
와인주막차차 역삼점
접객
조이 라이브바
짝패포장마차
경복이모네포차 역삼본점
수다 삼성2호점
동호숯불바베큐호프
김봉남포장마차 역삼1호점
OMGDAY
Lbar
비어시티
로비바
연더그레이
식물원282
야신
투데이
BARzida
독고다이
바니위스키
울트라맨 이자카야
샤인
제이바
카페앤바 바이 끄끄흐디자인
츄라우미 역삼본점
아프리카
벨라식스
뫼산
 category of 뫼산 is weird. Its category is 술집 > 전통,민속주점
하루
SUNRECORD
카페톨릭스
그때그집 본관
 category of 그때그집 본관 is weird. Its category is 술집 > 전통,민속주점
몰트바배럴
주식회사
투다리 대치본점
참 달달한 포차
레인디
오레노유메 선릉본점
델라마노 시가바
번트265
도리마틴
아지트
쯔끼엔
HUE
레드비틀
vincent malt bar
저스트위스키 2호점
골드플레이스 바
별자리
본투비
플렉스BAR
정겨운오뎅집 삼성점
취기로
프리미엄 케이 위스키
ROOM
미첼란 몰트바
탱그리놀
생활맥주 역삼점
어게인
포차왔숑
Traceback (most recent call last):
  File "/home/k/.pyenv/versions/dough-crawler-env/lib/python3.9/site-packages/urllib3/connectionpool.py", line 699, in urlopen
    httplib_response = self._make_request(
  File "/home/k/.pyenv/versions/dough-crawler-env/lib/python3.9/site-packages/urllib3/connectionpool.py", line 445, in _make_request
    six.raise_from(e, None)
  File "<string>", line 3, in raise_from
  File "/home/k/.pyenv/versions/dough-crawler-env/lib/python3.9/site-packages/urllib3/connectionpool.py", line 440, in _make_request
    httplib_response = conn.getresponse()
  File "/home/k/.pyenv/versions/3.9.0/lib/python3.9/http/client.py", line 1347, in getresponse
    response.begin()
  File "/home/k/.pyenv/versions/3.9.0/lib/python3.9/http/client.py", line 307, in begin
    version, status, reason = self._read_status()
  File "/home/k/.pyenv/versions/3.9.0/lib/python3.9/http/client.py", line 276, in _read_status
    raise RemoteDisconnected("Remote end closed connection without"
http.client.RemoteDisconnected: Remote end closed connection without response

During handling of the above exception, another exception occurred:

Traceback (most recent call last):
  File "/home/k/.pyenv/versions/dough-crawler-env/lib/python3.9/site-packages/requests/adapters.py", line 440, in send
    resp = conn.urlopen(
  File "/home/k/.pyenv/versions/dough-crawler-env/lib/python3.9/site-packages/urllib3/connectionpool.py", line 755, in urlopen
    retries = retries.increment(
  File "/home/k/.pyenv/versions/dough-crawler-env/lib/python3.9/site-packages/urllib3/util/retry.py", line 532, in increment
    raise six.reraise(type(error), error, _stacktrace)
  File "/home/k/.pyenv/versions/dough-crawler-env/lib/python3.9/site-packages/urllib3/packages/six.py", line 769, in reraise
    raise value.with_traceback(tb)
  File "/home/k/.pyenv/versions/dough-crawler-env/lib/python3.9/site-packages/urllib3/connectionpool.py", line 699, in urlopen
    httplib_response = self._make_request(
  File "/home/k/.pyenv/versions/dough-crawler-env/lib/python3.9/site-packages/urllib3/connectionpool.py", line 445, in _make_request
    six.raise_from(e, None)
  File "<string>", line 3, in raise_from
  File "/home/k/.pyenv/versions/dough-crawler-env/lib/python3.9/site-packages/urllib3/connectionpool.py", line 440, in _make_request
    httplib_response = conn.getresponse()
  File "/home/k/.pyenv/versions/3.9.0/lib/python3.9/http/client.py", line 1347, in getresponse
    response.begin()
  File "/home/k/.pyenv/versions/3.9.0/lib/python3.9/http/client.py", line 307, in begin
    version, status, reason = self._read_status()
  File "/home/k/.pyenv/versions/3.9.0/lib/python3.9/http/client.py", line 276, in _read_status
    raise RemoteDisconnected("Remote end closed connection without"
urllib3.exceptions.ProtocolError: ('Connection aborted.', RemoteDisconnected('Remote end closed connection without response'))

During handling of the above exception, another exception occurred:

Traceback (most recent call last):
  File "/home/k/crawler/dough/crawler/main.py", line 26, in <module>
    convert_documents_and_upload_to_db (DB_DIR_PATH, PHOTO_DIR_PATH, CATEGORY_TO_TAG_TABLE_DIR_PATH)
  File "/home/k/crawler/dough/crawler/firebase_db.py", line 298, in convert_documents_and_upload_to_db
    db_cdn.upload_place(place_docu, station_docu)
  File "/home/k/crawler/dough/crawler/firebase_db.py", line 131, in upload_place
    self._upload_photos_and_replace_link(place_doc)
  File "/home/k/crawler/dough/crawler/firebase_db.py", line 165, in _upload_photos_and_replace_link
    place_doc._provided_photo_list = [(naver_link, self._upload_photo_and_return_CDN_link(place_id, naver_link, local_path))
  File "/home/k/crawler/dough/crawler/firebase_db.py", line 165, in <listcomp>
    place_doc._provided_photo_list = [(naver_link, self._upload_photo_and_return_CDN_link(place_id, naver_link, local_path))
  File "/home/k/crawler/dough/crawler/firebase_db.py", line 197, in _upload_photo_and_return_CDN_link
    blob.upload_from_filename(filename_to_upload)
  File "/home/k/.pyenv/versions/dough-crawler-env/lib/python3.9/site-packages/google/cloud/storage/blob.py", line 2722, in upload_from_filename
    self.upload_from_file(
  File "/home/k/.pyenv/versions/dough-crawler-env/lib/python3.9/site-packages/google/cloud/storage/blob.py", line 2581, in upload_from_file
    created_json = self._do_upload(
  File "/home/k/.pyenv/versions/dough-crawler-env/lib/python3.9/site-packages/google/cloud/storage/blob.py", line 2383, in _do_upload
    response = self._do_multipart_upload(
  File "/home/k/.pyenv/versions/dough-crawler-env/lib/python3.9/site-packages/google/cloud/storage/blob.py", line 1916, in _do_multipart_upload
    response = upload.transmit(
  File "/home/k/.pyenv/versions/dough-crawler-env/lib/python3.9/site-packages/google/resumable_media/requests/upload.py", line 153, in transmit
    return _request_helpers.wait_and_retry(
  File "/home/k/.pyenv/versions/dough-crawler-env/lib/python3.9/site-packages/google/resumable_media/requests/_request_helpers.py", line 170, in wait_and_retry
    raise error
  File "/home/k/.pyenv/versions/dough-crawler-env/lib/python3.9/site-packages/google/resumable_media/requests/_request_helpers.py", line 147, in wait_and_retry
    response = func()
  File "/home/k/.pyenv/versions/dough-crawler-env/lib/python3.9/site-packages/google/resumable_media/requests/upload.py", line 145, in retriable_request
    result = transport.request(
  File "/home/k/.pyenv/versions/dough-crawler-env/lib/python3.9/site-packages/google/auth/transport/requests.py", line 480, in request
    response = super(AuthorizedSession, self).request(
  File "/home/k/.pyenv/versions/dough-crawler-env/lib/python3.9/site-packages/requests/sessions.py", line 529, in request
    resp = self.send(prep, **send_kwargs)
  File "/home/k/.pyenv/versions/dough-crawler-env/lib/python3.9/site-packages/requests/sessions.py", line 645, in send
    r = adapter.send(request, **kwargs)
  File "/home/k/.pyenv/versions/dough-crawler-env/lib/python3.9/site-packages/requests/adapters.py", line 501, in send
    raise ConnectionError(err, request=request)
requests.exceptions.ConnectionError: ('Connection aborted.', RemoteDisconnected('Remote end closed connection without response'))

